#
# An unexpected error has occurred (6) Aborted
#
Stack:
/lib/x86_64-linux-gnu/libc.so.6(+0x45f60) [0x7ff414e45f60]
/lib/x86_64-linux-gnu/libc.so.6(pthread_kill+0x11d) [0x7ff414ea5fed]
/lib/x86_64-linux-gnu/libc.so.6(gsignal+0x1e) [0x7ff414e45e2e]
/lib/x86_64-linux-gnu/libc.so.6(abort+0x27) [0x7ff414e28888]
/home/violet/Vitis/2025.2/Vivado/lib/lnx64.o/Ubuntu/libstdc++.so.6(+0x8ba13) [0x7ff41568ba13]
/home/violet/Vitis/2025.2/Vivado/lib/lnx64.o/Ubuntu/libstdc++.so.6(+0x91b86) [0x7ff415691b86]
/home/violet/Vitis/2025.2/Vivado/lib/lnx64.o/Ubuntu/libstdc++.so.6(+0x91bc1) [0x7ff415691bc1]
/home/violet/Vitis/2025.2/Vivado/lib/lnx64.o/libxv_common.so(hdi::tcltasks::detail::collection_wrapper_base::~collection_wrapper_base()+0x27f) [0x7ff4205ff6f5]
/home/violet/Vitis/2025.2/Vivado/lib/lnx64.o/libxv_common.so(+0x7118d5) [0x7ff4207118d5]
/home/violet/Vitis/2025.2/Vivado/lib/lnx64.o/libxv_common.so(hdi::tcltasks::detail::collection_wrapper_base::decr_ref() const+0x27) [0x7ff4205fc7db]
/home/violet/Vitis/2025.2/Vivado/lib/lnx64.o/libxv_tcltasks.so(+0x1109c78) [0x7ff40ed09c78]
/home/violet/Vitis/2025.2/Vivado/lib/lnx64.o/libxv_tcltasks.so(+0x1104212) [0x7ff40ed04212]
/home/violet/Vitis/2025.2/Vivado/lib/lnx64.o/libxv_tcltasks.so(+0x1104261) [0x7ff40ed04261]
/home/violet/Vitis/2025.2/Vivado/lib/lnx64.o/libboost_program_options.so.1.72.0(boost::program_options::option_description::~option_description()+0xd1) [0x7ff41fbccbe1]
/home/violet/Vitis/2025.2/Vivado/lib/lnx64.o/libboost_program_options.so.1.72.0(boost::program_options::option_description::~option_description()+0x11) [0x7ff41fbccc31]
/home/violet/Vitis/2025.2/Vivado/lib/lnx64.o/libxv_common.so(boost::detail::sp_counted_impl_p<boost::program_options::option_description>::dispose()+0x13) [0x7ff4208f3d3b]
/home/violet/Vitis/2025.2/Vivado/lib/lnx64.o/libxv_common.so(+0x42fc24) [0x7ff42042fc24]
/home/violet/Vitis/2025.2/Vivado/lib/lnx64.o/libxv_common.so(hdi::tcltasks::options_description::~options_description()+0xe1) [0x7ff4209a9bb3]
/lib/x86_64-linux-gnu/libc.so.6(+0x488a1) [0x7ff414e488a1]
/lib/x86_64-linux-gnu/libc.so.6(+0x4897e) [0x7ff414e4897e]
/home/violet/Vitis/2025.2/Vivado/lib/lnx64.o/libxv_synth.so(USys::decrypt(char const*, unsigned int&)+0) [0x7ff4046a8c40]
/home/violet/Vitis/2025.2/Vivado/lib/lnx64.o/libxv_synth.so(UDupFileBuffer::UDupFileBuffer(char const*, bool)+0x172) [0x7ff40477a562]
/home/violet/Vitis/2025.2/Vivado/lib/lnx64.o/libxv_synth.so(UDup::UDup(bool, bool, char const*, UDupStraps*, UDupStrapTable*)+0x4d) [0x7ff40477a99d]
/home/violet/Vitis/2025.2/Vivado/lib/lnx64.o/libxv_synth.so(NDup::NDup(bool, bool, char const*, bool, NDupStrapTable*)+0x59) [0x7ff404772cc9]
/home/violet/Vitis/2025.2/Vivado/lib/lnx64.o/libxv_synth.so(NDup::undumpStraps(NDupStrapTable*, char const*, NDbC*, bool, bool)+0x3e) [0x7ff4047788ee]
/home/violet/Vitis/2025.2/Vivado/lib/lnx64.o/libxv_synth.so(NGenC::undumpDesign(bool) const+0x2ac) [0x7ff40476424c]
/home/violet/Vitis/2025.2/Vivado/lib/lnx64.o/libxv_synth.so(NGenJob::collectJob(bool)+0x133) [0x7ff404745fb3]
/home/violet/Vitis/2025.2/Vivado/lib/lnx64.o/libxv_synth.so(+0x12b403d) [0x7ff402cb403d]
/home/violet/Vitis/2025.2/Vivado/lib/lnx64.o/libxv_synth.so(HARTNDb::loadOptimizedGenomes()+0xf0) [0x7ff402c9f480]
/home/violet/Vitis/2025.2/Vivado/lib/lnx64.o/libxv_synth.so(HARTNDb::asyncWait(char const*)+0x1fd) [0x7ff4036b075d]
/home/violet/Vitis/2025.2/Vivado/lib/lnx64.o/libxv_synth.so(+0x2070584) [0x7ff403a70584]
/home/violet/Vitis/2025.2/Vivado/lib/lnx64.o/libxv_synth.so(+0x1fc4de2) [0x7ff4039c4de2]
/home/violet/Vitis/2025.2/Vivado/lib/lnx64.o/libtcl8.6.so(TclNRRunCallbacks+0x47) [0x7ff41c884497]
/home/violet/Vitis/2025.2/Vivado/lib/lnx64.o/libxv_commontasks.so(+0x468b67) [0x7ff412468b67]
/home/violet/Vitis/2025.2/Vivado/lib/lnx64.o/libtcl8.6.so(TclNRRunCallbacks+0x47) [0x7ff41c884497]
/home/violet/Vitis/2025.2/Vivado/lib/lnx64.o/libxv_commontasks.so(+0x468b67) [0x7ff412468b67]
/home/violet/Vitis/2025.2/Vivado/lib/lnx64.o/libtcl8.6.so(TclNRRunCallbacks+0x47) [0x7ff41c884497]
/home/violet/Vitis/2025.2/Vivado/lib/lnx64.o/libtcl8.6.so(+0x45309) [0x7ff41c886309]
/home/violet/Vitis/2025.2/Vivado/lib/lnx64.o/libtcl8.6.so(Tcl_FSEvalFileEx+0x1f8) [0x7ff41c93bae8]
/home/violet/Vitis/2025.2/Vivado/lib/lnx64.o/libxv_commontasks.so(+0x48349d) [0x7ff41248349d]
/home/violet/Vitis/2025.2/Vivado/lib/lnx64.o/libxv_common.so(+0x81e9c4) [0x7ff42081e9c4]
/home/violet/Vitis/2025.2/Vivado/lib/lnx64.o/libtcl8.6.so(TclNRRunCallbacks+0x47) [0x7ff41c884497]
/home/violet/Vitis/2025.2/Vivado/lib/lnx64.o/libxv_commontasks.so(+0x468ac4) [0x7ff412468ac4]
/home/violet/Vitis/2025.2/Vivado/lib/lnx64.o/libtcl8.6.so(TclNRRunCallbacks+0x47) [0x7ff41c884497]
/home/violet/Vitis/2025.2/Vivado/lib/lnx64.o/libtcl8.6.so(+0x45309) [0x7ff41c886309]
/home/violet/Vitis/2025.2/Vivado/lib/lnx64.o/libtcl8.6.so(TclSubstTokens+0x4a9) [0x7ff41c94ed59]
/home/violet/Vitis/2025.2/Vivado/lib/lnx64.o/libtcl8.6.so(+0x45153) [0x7ff41c886153]
/home/violet/Vitis/2025.2/Vivado/lib/lnx64.o/libtcl8.6.so(Tcl_FSEvalFileEx+0x1f8) [0x7ff41c93bae8]
/home/violet/Vitis/2025.2/Vivado/lib/lnx64.o/libxv_commontasks.so(+0x48349d) [0x7ff41248349d]
/home/violet/Vitis/2025.2/Vivado/lib/lnx64.o/libxv_common.so(+0x81e9c4) [0x7ff42081e9c4]
/home/violet/Vitis/2025.2/Vivado/lib/lnx64.o/libtcl8.6.so(TclNRRunCallbacks+0x47) [0x7ff41c884497]
/home/violet/Vitis/2025.2/Vivado/lib/lnx64.o/libxv_common.so(hdi::tcltasks::task_manager::eval_in_tcl(Tcl_Interp*, Tcl_Obj*, char const*, bool)+0xe33) [0x7ff42082147f]
/home/violet/Vitis/2025.2/Vivado/lib/lnx64.o/libxv_common.so(hdi::tcltasks::tclcmdobj::eval(char const*, bool) const+0x19) [0x7ff4207c217f]
/home/violet/Vitis/2025.2/Vivado/lib/lnx64.o/libxv_designutils.so(HRTInvoker::inProcessLaunch(HDGUIStatus&)+0x337) [0x7ff3ed9774e7]
/home/violet/Vitis/2025.2/Vivado/lib/lnx64.o/libxv_designutils.so(HRTInvoker::launch(HDGUIStatus&)+0x2f) [0x7ff3ed977abf]
/home/violet/Vitis/2025.2/Vivado/lib/lnx64.o/libxv_vivadotasks.so(+0x54b909) [0x7ff40d34b909]
/home/violet/Vitis/2025.2/Vivado/lib/lnx64.o/libxv_vivadotasks.so(+0x55466e) [0x7ff40d35466e]
/home/violet/Vitis/2025.2/Vivado/lib/lnx64.o/libxv_common.so(+0x81e9c4) [0x7ff42081e9c4]
/home/violet/Vitis/2025.2/Vivado/lib/lnx64.o/libtcl8.6.so(TclNRRunCallbacks+0x47) [0x7ff41c884497]
/home/violet/Vitis/2025.2/Vivado/lib/lnx64.o/libtcl8.6.so(+0x45309) [0x7ff41c886309]
/home/violet/Vitis/2025.2/Vivado/lib/lnx64.o/libtcl8.6.so(Tcl_FSEvalFileEx+0x1f8) [0x7ff41c93bae8]
/home/violet/Vitis/2025.2/Vivado/lib/lnx64.o/libxv_commontasks.so(+0x48349d) [0x7ff41248349d]
/home/violet/Vitis/2025.2/Vivado/lib/lnx64.o/libxv_common.so(+0x81e9c4) [0x7ff42081e9c4]
/home/violet/Vitis/2025.2/Vivado/lib/lnx64.o/libtcl8.6.so(TclNRRunCallbacks+0x47) [0x7ff41c884497]
/home/violet/Vitis/2025.2/Vivado/lib/lnx64.o/libxv_commontasks.so(+0x45b5f8) [0x7ff41245b5f8]
/home/violet/Vitis/2025.2/Vivado/lib/lnx64.o/libxv_commontasks.so(+0x45caed) [0x7ff41245caed]
/home/violet/Vitis/2025.2/Vivado/lib/lnx64.o/libxv_common.so(+0x81e9c4) [0x7ff42081e9c4]
/home/violet/Vitis/2025.2/Vivado/lib/lnx64.o/libtcl8.6.so(TclNRRunCallbacks+0x47) [0x7ff41c884497]
/home/violet/Vitis/2025.2/Vivado/lib/lnx64.o/libxv_commonmain.so(+0x12dfb) [0x7ff421291dfb]
/home/violet/Vitis/2025.2/Vivado/lib/lnx64.o/libtcl8.6.so(Tcl_MainEx+0x1a8) [0x7ff41c943038]
/home/violet/Vitis/2025.2/Vivado/lib/lnx64.o/libxv_common.so(+0xada064) [0x7ff420ada064]
/lib/x86_64-linux-gnu/libc.so.6(+0xa3d64) [0x7ff414ea3d64]
/lib/x86_64-linux-gnu/libc.so.6(+0x1373fc) [0x7ff414f373fc]
