#
# An unexpected error has occurred (6) Aborted
#
Stack:
/lib/x86_64-linux-gnu/libc.so.6(+0x45f60) [0x782886a45f60]
/lib/x86_64-linux-gnu/libc.so.6(pthread_kill+0x11d) [0x782886aa5fed]
/lib/x86_64-linux-gnu/libc.so.6(gsignal+0x1e) [0x782886a45e2e]
/lib/x86_64-linux-gnu/libc.so.6(abort+0x27) [0x782886a28888]
/home/violet/Vitis/2025.2/Vivado/lib/lnx64.o/Ubuntu/libstdc++.so.6(+0x8ba13) [0x78288728ba13]
/home/violet/Vitis/2025.2/Vivado/lib/lnx64.o/Ubuntu/libstdc++.so.6(+0x91b86) [0x782887291b86]
/home/violet/Vitis/2025.2/Vivado/lib/lnx64.o/Ubuntu/libstdc++.so.6(+0x91bc1) [0x782887291bc1]
/home/violet/Vitis/2025.2/Vivado/lib/lnx64.o/libxv_common.so(hdi::tcltasks::detail::collection_wrapper_base::~collection_wrapper_base()+0x27f) [0x7828921ff6f5]
/home/violet/Vitis/2025.2/Vivado/lib/lnx64.o/libxv_common.so(+0x7118d5) [0x7828923118d5]
/home/violet/Vitis/2025.2/Vivado/lib/lnx64.o/libxv_common.so(hdi::tcltasks::detail::collection_wrapper_base::decr_ref() const+0x27) [0x7828921fc7db]
/home/violet/Vitis/2025.2/Vivado/lib/lnx64.o/libxv_tcltasks.so(+0x1109c78) [0x782880909c78]
/home/violet/Vitis/2025.2/Vivado/lib/lnx64.o/libxv_tcltasks.so(+0x1104212) [0x782880904212]
/home/violet/Vitis/2025.2/Vivado/lib/lnx64.o/libxv_tcltasks.so(+0x1104261) [0x782880904261]
/home/violet/Vitis/2025.2/Vivado/lib/lnx64.o/libboost_program_options.so.1.72.0(boost::program_options::option_description::~option_description()+0xd1) [0x7828917ccbe1]
/home/violet/Vitis/2025.2/Vivado/lib/lnx64.o/libboost_program_options.so.1.72.0(boost::program_options::option_description::~option_description()+0x11) [0x7828917ccc31]
/home/violet/Vitis/2025.2/Vivado/lib/lnx64.o/libxv_common.so(boost::detail::sp_counted_impl_p<boost::program_options::option_description>::dispose()+0x13) [0x7828924f3d3b]
/home/violet/Vitis/2025.2/Vivado/lib/lnx64.o/libxv_common.so(+0x42fc24) [0x78289202fc24]
/home/violet/Vitis/2025.2/Vivado/lib/lnx64.o/libxv_common.so(hdi::tcltasks::options_description::~options_description()+0xe1) [0x7828925a9bb3]
/lib/x86_64-linux-gnu/libc.so.6(+0x488a1) [0x782886a488a1]
/lib/x86_64-linux-gnu/libc.so.6(+0x4897e) [0x782886a4897e]
/home/violet/Vitis/2025.2/Vivado/lib/lnx64.o/libxv_synth.so(HARTSInfo::periodicalDetect()+0xfb) [0x78287556c8eb]
/home/violet/Vitis/2025.2/Vivado/lib/lnx64.o/libxv_common.so(std::thread::_State_impl<std::thread::_Invoker<std::tuple<void (*)()> > >::_M_run()+0x7) [0x782892419fbf]
/home/violet/Vitis/2025.2/Vivado/lib/lnx64.o/Ubuntu/libstdc++.so.6(+0xbadff) [0x7828872badff]
/lib/x86_64-linux-gnu/libc.so.6(+0xa3d64) [0x782886aa3d64]
/lib/x86_64-linux-gnu/libc.so.6(+0x1373fc) [0x782886b373fc]
