#-----------------------------------------------------------
# Vivado v2025.2 (64-bit)
# SW Build 6299465 on Fri Nov 14 12:34:56 MST 2025
# IP Build 6300035 on Fri Nov 14 10:48:45 MST 2025
# SharedData Build 6298862 on Thu Nov 13 04:50:51 MST 2025
# Start of session at: Fri Apr 24 15:48:46 2026
# Process ID         : 146338
# Current directory  : /home/violet/Documents/Projects/RISC-V/verilog
# Command line       : vivado -mode batch -source build.tcl
# Log file           : /home/violet/Documents/Projects/RISC-V/verilog/vivado.log
# Journal file       : /home/violet/Documents/Projects/RISC-V/verilog/vivado.jou
# Running On         : violets-laptop
# Platform           : Ubuntu
# Operating System   : Ubuntu 25.10
# Processor Detail   : AMD Ryzen AI 5 340 w/ Radeon 840M
# CPU Frequency      : 1611.427 MHz
# CPU Physical cores : 6
# CPU Logical cores  : 12
# Host memory        : 15476 MB
# Swap memory        : 4294 MB
# Total Virtual      : 19771 MB
# Available Virtual  : 12508 MB
#-----------------------------------------------------------
source build.tcl
# read_verilog { "./srcs/cpu.v" "./srcs/main.v" }
# read_xdc "./srcs/Arty-S7-25-Master.xdc"
# puts "Starting synthesis..."
Starting synthesis...
# synth_design -top "main" -part "xc7s25csga324-1"
Command: synth_design -top main -part xc7s25csga324-1
Starting synth_design
Attempting to get a license for feature 'Synthesis' and/or device 'xc7s25'
INFO: [Common 17-349] Got license for feature 'Synthesis' and/or device 'xc7s25'
INFO: [Device 21-403] Loading part xc7s25csga324-1
INFO: [Synth 8-7079] Multithreading enabled for synth_design using a maximum of 7 processes.
INFO: [Synth 8-7078] Launching helper process for spawning children vivado processes
INFO: [Synth 8-7075] Helper process launched with PID 146382
---------------------------------------------------------------------------------
Starting RTL Elaboration : Time (s): cpu = 00:00:02 ; elapsed = 00:00:02 . Memory (MB): peak = 2178.805 ; gain = 483.188 ; free physical = 4706 ; free virtual = 10628
---------------------------------------------------------------------------------
INFO: [Synth 8-6157] synthesizing module 'main' [/home/violet/Documents/Projects/RISC-V/verilog/srcs/main.v:1]
INFO: [Synth 8-6157] synthesizing module 'cpu' [/home/violet/Documents/Projects/RISC-V/verilog/srcs/cpu.v:1]
INFO: [Synth 8-6155] done synthesizing module 'cpu' (0#1) [/home/violet/Documents/Projects/RISC-V/verilog/srcs/cpu.v:1]
INFO: [Synth 8-6155] done synthesizing module 'main' (0#1) [/home/violet/Documents/Projects/RISC-V/verilog/srcs/main.v:1]
WARNING: [Synth 8-3848] Net iMem in module/entity cpu does not have driver. [/home/violet/Documents/Projects/RISC-V/verilog/srcs/cpu.v:19]
---------------------------------------------------------------------------------
Finished RTL Elaboration : Time (s): cpu = 00:00:03 ; elapsed = 00:00:04 . Memory (MB): peak = 2340.773 ; gain = 645.156 ; free physical = 4532 ; free virtual = 10455
---------------------------------------------------------------------------------
---------------------------------------------------------------------------------
Start Handling Custom Attributes
---------------------------------------------------------------------------------
---------------------------------------------------------------------------------
Finished Handling Custom Attributes : Time (s): cpu = 00:00:03 ; elapsed = 00:00:04 . Memory (MB): peak = 2340.773 ; gain = 645.156 ; free physical = 4532 ; free virtual = 10455
---------------------------------------------------------------------------------
---------------------------------------------------------------------------------
Finished RTL Optimization Phase 1 : Time (s): cpu = 00:00:03 ; elapsed = 00:00:04 . Memory (MB): peak = 2340.773 ; gain = 645.156 ; free physical = 4532 ; free virtual = 10455
---------------------------------------------------------------------------------
Netlist sorting complete. Time (s): cpu = 00:00:00 ; elapsed = 00:00:00 . Memory (MB): peak = 2340.773 ; gain = 0.000 ; free physical = 4533 ; free virtual = 10456
INFO: [Project 1-570] Preparing netlist for logic optimization

Processing XDC Constraints
Initializing timing engine
Parsing XDC File [/home/violet/Documents/Projects/RISC-V/verilog/srcs/Arty-S7-25-Master.xdc]
Finished Parsing XDC File [/home/violet/Documents/Projects/RISC-V/verilog/srcs/Arty-S7-25-Master.xdc]
INFO: [Project 1-236] Implementation specific constraints were found while reading constraint file [/home/violet/Documents/Projects/RISC-V/verilog/srcs/Arty-S7-25-Master.xdc]. These constraints will be ignored for synthesis but will be used in implementation. Impacted constraints are listed in the file [.Xil/main_propImpl.xdc].
Resolution: To avoid this warning, move constraints listed in [.Xil/main_propImpl.xdc] to another XDC file and exclude this new file from synthesis with the used_in_synthesis property (File Properties dialog in GUI) and re-run elaboration/synthesis.
Completed Processing XDC Constraints

Netlist sorting complete. Time (s): cpu = 00:00:00 ; elapsed = 00:00:00 . Memory (MB): peak = 2380.793 ; gain = 0.000 ; free physical = 4533 ; free virtual = 10456
INFO: [Project 1-111] Unisim Transformation Summary:
No Unisim elements were transformed.

Constraint Validation Runtime : Time (s): cpu = 00:00:00 ; elapsed = 00:00:00 . Memory (MB): peak = 2380.828 ; gain = 0.000 ; free physical = 4533 ; free virtual = 10456
---------------------------------------------------------------------------------
Finished Constraint Validation : Time (s): cpu = 00:00:07 ; elapsed = 00:00:07 . Memory (MB): peak = 2380.828 ; gain = 685.211 ; free physical = 4554 ; free virtual = 10477
---------------------------------------------------------------------------------
---------------------------------------------------------------------------------
Start Loading Part and Timing Information
---------------------------------------------------------------------------------
Loading part: xc7s25csga324-1
---------------------------------------------------------------------------------
Finished Loading Part and Timing Information : Time (s): cpu = 00:00:07 ; elapsed = 00:00:07 . Memory (MB): peak = 2388.797 ; gain = 693.180 ; free physical = 4554 ; free virtual = 10477
---------------------------------------------------------------------------------
---------------------------------------------------------------------------------
Start Applying 'set_property' XDC Constraints
---------------------------------------------------------------------------------
---------------------------------------------------------------------------------
Finished applying 'set_property' XDC Constraints : Time (s): cpu = 00:00:07 ; elapsed = 00:00:07 . Memory (MB): peak = 2388.797 ; gain = 693.180 ; free physical = 4554 ; free virtual = 10477
---------------------------------------------------------------------------------
---------------------------------------------------------------------------------
Finished RTL Optimization Phase 2 : Time (s): cpu = 00:00:07 ; elapsed = 00:00:07 . Memory (MB): peak = 2388.797 ; gain = 693.180 ; free physical = 4553 ; free virtual = 10477
---------------------------------------------------------------------------------
---------------------------------------------------------------------------------
Start RTL Component Statistics 
---------------------------------------------------------------------------------
Detailed RTL Component Info : 
+---Adders : 
	   2 Input   32 Bit       Adders := 3     
	   3 Input   32 Bit       Adders := 1     
+---XORs : 
	   2 Input     32 Bit         XORs := 1     
+---Registers : 
	               32 Bit    Registers := 1     
+---Muxes : 
	   6 Input   32 Bit        Muxes := 1     
	   2 Input   32 Bit        Muxes := 4     
	   4 Input   32 Bit        Muxes := 1     
	   3 Input   32 Bit        Muxes := 1     
	   7 Input    4 Bit        Muxes := 1     
	  11 Input    4 Bit        Muxes := 1     
	   2 Input    4 Bit        Muxes := 2     
	   3 Input    4 Bit        Muxes := 2     
	   8 Input    4 Bit        Muxes := 1     
	   2 Input    3 Bit        Muxes := 1     
	   3 Input    3 Bit        Muxes := 1     
	  11 Input    3 Bit        Muxes := 2     
	   2 Input    2 Bit        Muxes := 1     
	   4 Input    2 Bit        Muxes := 1     
	  11 Input    1 Bit        Muxes := 4     
	   7 Input    1 Bit        Muxes := 1     
---------------------------------------------------------------------------------
Finished RTL Component Statistics 
---------------------------------------------------------------------------------
---------------------------------------------------------------------------------
Start Part Resource Summary
---------------------------------------------------------------------------------
Part Resources:
DSPs: 80 (col length:40)
BRAMs: 90 (col length: RAMB18 40 RAMB36 20)
---------------------------------------------------------------------------------
Finished Part Resource Summary
---------------------------------------------------------------------------------
---------------------------------------------------------------------------------
Start Cross Boundary and Area Optimization
---------------------------------------------------------------------------------
---------------------------------------------------------------------------------
Finished Cross Boundary and Area Optimization : Time (s): cpu = 00:00:09 ; elapsed = 00:00:10 . Memory (MB): peak = 2407.953 ; gain = 712.336 ; free physical = 4552 ; free virtual = 10481
---------------------------------------------------------------------------------
---------------------------------------------------------------------------------
Start Applying XDC Timing Constraints
---------------------------------------------------------------------------------
---------------------------------------------------------------------------------
Finished Applying XDC Timing Constraints : Time (s): cpu = 00:00:12 ; elapsed = 00:00:12 . Memory (MB): peak = 2455.953 ; gain = 760.336 ; free physical = 4529 ; free virtual = 10458
---------------------------------------------------------------------------------
---------------------------------------------------------------------------------
Start Timing Optimization
---------------------------------------------------------------------------------
---------------------------------------------------------------------------------
Finished Timing Optimization : Time (s): cpu = 00:00:12 ; elapsed = 00:00:12 . Memory (MB): peak = 2455.953 ; gain = 760.336 ; free physical = 4529 ; free virtual = 10458
---------------------------------------------------------------------------------
---------------------------------------------------------------------------------
Start Technology Mapping
---------------------------------------------------------------------------------
---------------------------------------------------------------------------------
Finished Technology Mapping : Time (s): cpu = 00:00:12 ; elapsed = 00:00:12 . Memory (MB): peak = 2465.969 ; gain = 770.352 ; free physical = 4522 ; free virtual = 10451
---------------------------------------------------------------------------------
---------------------------------------------------------------------------------
Start IO Insertion
---------------------------------------------------------------------------------
---------------------------------------------------------------------------------
Start Flattening Before IO Insertion
---------------------------------------------------------------------------------
---------------------------------------------------------------------------------
Finished Flattening Before IO Insertion
---------------------------------------------------------------------------------
---------------------------------------------------------------------------------
Start Final Netlist Cleanup
---------------------------------------------------------------------------------
---------------------------------------------------------------------------------
Finished Final Netlist Cleanup
---------------------------------------------------------------------------------
---------------------------------------------------------------------------------
Finished IO Insertion : Time (s): cpu = 00:00:14 ; elapsed = 00:00:14 . Memory (MB): peak = 2652.781 ; gain = 957.164 ; free physical = 4364 ; free virtual = 10293
---------------------------------------------------------------------------------
---------------------------------------------------------------------------------
Start Renaming Generated Instances
---------------------------------------------------------------------------------
---------------------------------------------------------------------------------
Finished Renaming Generated Instances : Time (s): cpu = 00:00:14 ; elapsed = 00:00:14 . Memory (MB): peak = 2652.781 ; gain = 957.164 ; free physical = 4364 ; free virtual = 10293
---------------------------------------------------------------------------------
---------------------------------------------------------------------------------
Start Rebuilding User Hierarchy
---------------------------------------------------------------------------------
---------------------------------------------------------------------------------
Finished Rebuilding User Hierarchy : Time (s): cpu = 00:00:14 ; elapsed = 00:00:14 . Memory (MB): peak = 2652.781 ; gain = 957.164 ; free physical = 4364 ; free virtual = 10293
---------------------------------------------------------------------------------
---------------------------------------------------------------------------------
Start Renaming Generated Ports
---------------------------------------------------------------------------------
---------------------------------------------------------------------------------
Finished Renaming Generated Ports : Time (s): cpu = 00:00:14 ; elapsed = 00:00:14 . Memory (MB): peak = 2652.781 ; gain = 957.164 ; free physical = 4364 ; free virtual = 10293
---------------------------------------------------------------------------------
---------------------------------------------------------------------------------
Start Handling Custom Attributes
---------------------------------------------------------------------------------
---------------------------------------------------------------------------------
Finished Handling Custom Attributes : Time (s): cpu = 00:00:14 ; elapsed = 00:00:14 . Memory (MB): peak = 2652.781 ; gain = 957.164 ; free physical = 4364 ; free virtual = 10293
---------------------------------------------------------------------------------
---------------------------------------------------------------------------------
Start Renaming Generated Nets
---------------------------------------------------------------------------------
---------------------------------------------------------------------------------
Finished Renaming Generated Nets : Time (s): cpu = 00:00:14 ; elapsed = 00:00:14 . Memory (MB): peak = 2652.781 ; gain = 957.164 ; free physical = 4364 ; free virtual = 10293
---------------------------------------------------------------------------------
---------------------------------------------------------------------------------
Start Writing Synthesis Report
---------------------------------------------------------------------------------

Report BlackBoxes: 
+-+--------------+----------+
| |BlackBox name |Instances |
+-+--------------+----------+
+-+--------------+----------+

Report Cell Usage: 
+------+-------+------+
|      |Cell   |Count |
+------+-------+------+
|1     |BUFG   |     1|
|2     |CARRY4 |     7|
|3     |LUT1   |     1|
|4     |FDCE   |    27|
|5     |IBUF   |     2|
|6     |OBUF   |     1|
+------+-------+------+
---------------------------------------------------------------------------------
Finished Writing Synthesis Report : Time (s): cpu = 00:00:14 ; elapsed = 00:00:14 . Memory (MB): peak = 2652.781 ; gain = 957.164 ; free physical = 4364 ; free virtual = 10293
---------------------------------------------------------------------------------
Synthesis finished with 0 errors, 0 critical warnings and 0 warnings.
Synthesis Optimization Runtime : Time (s): cpu = 00:00:13 ; elapsed = 00:00:13 . Memory (MB): peak = 2652.781 ; gain = 917.109 ; free physical = 4364 ; free virtual = 10293
Synthesis Optimization Complete : Time (s): cpu = 00:00:14 ; elapsed = 00:00:14 . Memory (MB): peak = 2652.789 ; gain = 957.164 ; free physical = 4364 ; free virtual = 10293
INFO: [Project 1-571] Translating synthesized netlist
Netlist sorting complete. Time (s): cpu = 00:00:00 ; elapsed = 00:00:00 . Memory (MB): peak = 2652.789 ; gain = 0.000 ; free physical = 4363 ; free virtual = 10292
INFO: [Netlist 29-17] Analyzing 7 Unisim elements for replacement
INFO: [Netlist 29-28] Unisim Transformation completed in 0 CPU seconds
INFO: [Project 1-570] Preparing netlist for logic optimization
Parsing XDC File [/home/violet/Documents/Projects/RISC-V/verilog/srcs/Arty-S7-25-Master.xdc]
Finished Parsing XDC File [/home/violet/Documents/Projects/RISC-V/verilog/srcs/Arty-S7-25-Master.xdc]
INFO: [Opt 31-138] Pushed 0 inverter(s) to 0 load pin(s).
Netlist sorting complete. Time (s): cpu = 00:00:00 ; elapsed = 00:00:00 . Memory (MB): peak = 2652.789 ; gain = 0.000 ; free physical = 4498 ; free virtual = 10427
INFO: [Project 1-111] Unisim Transformation Summary:
No Unisim elements were transformed.

Synth Design complete | Checksum: eaffa44
INFO: [Common 17-83] Releasing license: Synthesis
19 Infos, 1 Warnings, 0 Critical Warnings and 0 Errors encountered.
synth_design completed successfully
synth_design: Time (s): cpu = 00:00:18 ; elapsed = 00:00:16 . Memory (MB): peak = 2652.816 ; gain = 1022.559 ; free physical = 4499 ; free virtual = 10428
INFO: [Common 17-2834] synth_design peak Physical Memory [PSS] (MB): overall = 2069.572; main = 2069.572; forked = 344.037
INFO: [Common 17-2834] synth_design peak Virtual Memory [VSS] (MB): overall = 3404.656; main = 2652.785; forked = 996.699
# report_utilization \
#     -file utilization.rpt
# report_timing \
#     -file timing_summary.rpt
INFO: [Timing 38-91] UpdateTimingParams: Speed grade: -1, Delay Type: max.
INFO: [Timing 38-191] Multithreading enabled for timing update using a maximum of 8 CPUs
INFO: [Timing 38-35] Done setting XDC timing constraints.
INFO: [Timing 38-78] ReportTimingParams: -max_paths 1 -nworst 1 -delay_type max -sort_by slack.
# puts "Running opt_design..."
Running opt_design...
# opt_design
Command: opt_design
Attempting to get a license for feature 'Implementation' and/or device 'xc7s25'
INFO: [Common 17-349] Got license for feature 'Implementation' and/or device 'xc7s25'
Running DRC as a precondition to command opt_design

Starting DRC Task
INFO: [DRC 23-27] Running DRC with 8 threads
INFO: [Project 1-461] DRC finished with 0 Errors
INFO: [Project 1-462] Please refer to the DRC report (report_drc) for more information.

Time (s): cpu = 00:00:00.17 ; elapsed = 00:00:00.15 . Memory (MB): peak = 2652.816 ; gain = 0.000 ; free physical = 4518 ; free virtual = 10447

Starting Cache Timing Information Task
Ending Cache Timing Information Task | Checksum: 10be07cd9

Time (s): cpu = 00:00:00 ; elapsed = 00:00:00 . Memory (MB): peak = 2652.816 ; gain = 0.000 ; free physical = 4518 ; free virtual = 10447

Starting Logic Optimization Task

Phase 1 Initialization

Phase 1.1 Core Generation And Design Setup
Phase 1.1 Core Generation And Design Setup | Checksum: 10be07cd9

Time (s): cpu = 00:00:00 ; elapsed = 00:00:00 . Memory (MB): peak = 2652.816 ; gain = 0.000 ; free physical = 4507 ; free virtual = 10436

Phase 1.2 Setup Constraints And Sort Netlist
Phase 1.2 Setup Constraints And Sort Netlist | Checksum: 10be07cd9

Time (s): cpu = 00:00:00 ; elapsed = 00:00:00 . Memory (MB): peak = 2652.816 ; gain = 0.000 ; free physical = 4507 ; free virtual = 10436
Phase 1 Initialization | Checksum: 10be07cd9

Time (s): cpu = 00:00:00 ; elapsed = 00:00:00 . Memory (MB): peak = 2652.816 ; gain = 0.000 ; free physical = 4507 ; free virtual = 10436

Phase 2 Timer Update And Timing Data Collection

Phase 2.1 Detect if minReqCache needed
Phase 2.1 Detect if minReqCache needed | Checksum: 10be07cd9

Time (s): cpu = 00:00:00 ; elapsed = 00:00:00 . Memory (MB): peak = 2652.816 ; gain = 0.000 ; free physical = 4507 ; free virtual = 10436

Phase 2.2 Timer Update
Phase 2.2 Timer Update | Checksum: 10be07cd9

Time (s): cpu = 00:00:00.01 ; elapsed = 00:00:00.01 . Memory (MB): peak = 2652.816 ; gain = 0.000 ; free physical = 4507 ; free virtual = 10436

Phase 2.3 Timing Data Collection
Phase 2.3 Timing Data Collection | Checksum: 10be07cd9

Time (s): cpu = 00:00:00.01 ; elapsed = 00:00:00.01 . Memory (MB): peak = 2652.816 ; gain = 0.000 ; free physical = 4507 ; free virtual = 10436
Phase 2 Timer Update And Timing Data Collection | Checksum: 10be07cd9

Time (s): cpu = 00:00:00.01 ; elapsed = 00:00:00.01 . Memory (MB): peak = 2652.816 ; gain = 0.000 ; free physical = 4507 ; free virtual = 10436

Phase 3 Retarget
INFO: [Opt 31-1851] Number of loadless carry chains removed were: 0
INFO: [Opt 31-1834] Total Chains To Be Transformed Were: 0 AND Number of Transformed insts Created are: 0
INFO: [Opt 31-138] Pushed 0 inverter(s) to 0 load pin(s).
INFO: [Opt 31-49] Retargeted 0 cell(s).
Phase 3 Retarget | Checksum: 10be07cd9

Time (s): cpu = 00:00:00.01 ; elapsed = 00:00:00.01 . Memory (MB): peak = 2652.816 ; gain = 0.000 ; free physical = 4507 ; free virtual = 10436
Retarget | Checksum: 10be07cd9
INFO: [Opt 31-389] Phase Retarget created 0 cells and removed 0 cells

Phase 4 Constant propagation
INFO: [Opt 31-138] Pushed 0 inverter(s) to 0 load pin(s).
Phase 4 Constant propagation | Checksum: 12ac9c30f

Time (s): cpu = 00:00:00.01 ; elapsed = 00:00:00.01 . Memory (MB): peak = 2652.816 ; gain = 0.000 ; free physical = 4507 ; free virtual = 10436
Constant propagation | Checksum: 12ac9c30f
INFO: [Opt 31-389] Phase Constant propagation created 0 cells and removed 0 cells

Phase 5 Sweep
INFO: [Constraints 18-11670] Building netlist checker database with flags, 0x8
Done building netlist checker database: Time (s): cpu = 00:00:00 ; elapsed = 00:00:00 . Memory (MB): peak = 2652.816 ; gain = 0.000 ; free physical = 4507 ; free virtual = 10436
Phase 5 Sweep | Checksum: 19a3d68a1

Time (s): cpu = 00:00:00.01 ; elapsed = 00:00:00.01 . Memory (MB): peak = 2652.816 ; gain = 0.000 ; free physical = 4507 ; free virtual = 10436
Sweep | Checksum: 19a3d68a1
INFO: [Opt 31-389] Phase Sweep created 0 cells and removed 0 cells

Phase 6 BUFG optimization
Phase 6 BUFG optimization | Checksum: 19a3d68a1

Time (s): cpu = 00:00:00.02 ; elapsed = 00:00:00.02 . Memory (MB): peak = 2684.797 ; gain = 31.980 ; free physical = 4507 ; free virtual = 10436
BUFG optimization | Checksum: 19a3d68a1
INFO: [Opt 31-662] Phase BUFG optimization created 0 cells of which 0 are BUFGs and removed 0 cells.

Phase 7 Shift Register Optimization
INFO: [Opt 31-1064] SRL Remap converted 0 SRLs to 0 registers and converted 0 registers of register chains to 0 SRLs
Phase 7 Shift Register Optimization | Checksum: 19a3d68a1

Time (s): cpu = 00:00:00.02 ; elapsed = 00:00:00.02 . Memory (MB): peak = 2684.797 ; gain = 31.980 ; free physical = 4507 ; free virtual = 10436
Shift Register Optimization | Checksum: 19a3d68a1
INFO: [Opt 31-389] Phase Shift Register Optimization created 0 cells and removed 0 cells

Phase 8 Post Processing Netlist
Phase 8 Post Processing Netlist | Checksum: 19a3d68a1

Time (s): cpu = 00:00:00.02 ; elapsed = 00:00:00.02 . Memory (MB): peak = 2684.797 ; gain = 31.980 ; free physical = 4507 ; free virtual = 10436
Post Processing Netlist | Checksum: 19a3d68a1
INFO: [Opt 31-389] Phase Post Processing Netlist created 0 cells and removed 0 cells

Phase 9 Finalization

Phase 9.1 Finalizing Design Cores and Updating Shapes
Phase 9.1 Finalizing Design Cores and Updating Shapes | Checksum: 28d4956fa

Time (s): cpu = 00:00:00.02 ; elapsed = 00:00:00.02 . Memory (MB): peak = 2684.797 ; gain = 31.980 ; free physical = 4507 ; free virtual = 10436

Phase 9.2 Verifying Netlist Connectivity

Starting Connectivity Check Task

Time (s): cpu = 00:00:00 ; elapsed = 00:00:00 . Memory (MB): peak = 2684.797 ; gain = 0.000 ; free physical = 4507 ; free virtual = 10436
Phase 9.2 Verifying Netlist Connectivity | Checksum: 28d4956fa

Time (s): cpu = 00:00:00.02 ; elapsed = 00:00:00.02 . Memory (MB): peak = 2684.797 ; gain = 31.980 ; free physical = 4507 ; free virtual = 10436
Phase 9 Finalization | Checksum: 28d4956fa

Time (s): cpu = 00:00:00.02 ; elapsed = 00:00:00.02 . Memory (MB): peak = 2684.797 ; gain = 31.980 ; free physical = 4507 ; free virtual = 10436
Opt_design Change Summary
=========================


-------------------------------------------------------------------------------------------------------------------------
|  Phase                        |  #Cells created  |  #Cells Removed  |  #Constrained objects preventing optimizations  |
-------------------------------------------------------------------------------------------------------------------------
|  Retarget                     |               0  |               0  |                                              0  |
|  Constant propagation         |               0  |               0  |                                              0  |
|  Sweep                        |               0  |               0  |                                              0  |
|  BUFG optimization            |               0  |               0  |                                              0  |
|  Shift Register Optimization  |               0  |               0  |                                              0  |
|  Post Processing Netlist      |               0  |               0  |                                              0  |
-------------------------------------------------------------------------------------------------------------------------


Ending Logic Optimization Task | Checksum: 28d4956fa

Time (s): cpu = 00:00:00.02 ; elapsed = 00:00:00.02 . Memory (MB): peak = 2684.797 ; gain = 31.980 ; free physical = 4507 ; free virtual = 10436

Starting Power Optimization Task
INFO: [Pwropt 34-132] Skipping clock gating for clocks with a period < 2.00 ns.
Ending Power Optimization Task | Checksum: 28d4956fa

Time (s): cpu = 00:00:00 ; elapsed = 00:00:00 . Memory (MB): peak = 2684.797 ; gain = 0.000 ; free physical = 4507 ; free virtual = 10436

Starting Final Cleanup Task
Ending Final Cleanup Task | Checksum: 28d4956fa

Time (s): cpu = 00:00:00 ; elapsed = 00:00:00 . Memory (MB): peak = 2684.797 ; gain = 0.000 ; free physical = 4507 ; free virtual = 10436
Netlist sorting complete. Time (s): cpu = 00:00:00 ; elapsed = 00:00:00 . Memory (MB): peak = 2684.797 ; gain = 0.000 ; free physical = 4507 ; free virtual = 10436
INFO: [Common 17-83] Releasing license: Implementation
19 Infos, 0 Warnings, 0 Critical Warnings and 0 Errors encountered.
opt_design completed successfully
# puts "Running place_design..."
Running place_design...
# place_design
Command: place_design
Attempting to get a license for feature 'Implementation' and/or device 'xc7s25'
INFO: [Common 17-349] Got license for feature 'Implementation' and/or device 'xc7s25'
INFO: [Common 17-83] Releasing license: Implementation
INFO: [DRC 23-27] Running DRC with 8 threads
INFO: [Vivado_Tcl 4-198] DRC finished with 0 Errors
INFO: [Vivado_Tcl 4-199] Please refer to the DRC report (report_drc) for more information.
INFO: [Timing 38-35] Done setting XDC timing constraints.
Running DRC as a precondition to command place_design
INFO: [DRC 23-27] Running DRC with 8 threads
INFO: [Vivado_Tcl 4-198] DRC finished with 0 Errors
INFO: [Vivado_Tcl 4-199] Please refer to the DRC report (report_drc) for more information.
INFO: [Place 30-611] Multithreading enabled for place_design using a maximum of 8 CPUs

Starting Placer Task

Phase 1 Placer Initialization

Phase 1.1 Placer Initialization Netlist Sorting
Netlist sorting complete. Time (s): cpu = 00:00:00 ; elapsed = 00:00:00 . Memory (MB): peak = 2684.797 ; gain = 0.000 ; free physical = 4511 ; free virtual = 10440
Phase 1.1 Placer Initialization Netlist Sorting | Checksum: 1c9223832

Time (s): cpu = 00:00:00 ; elapsed = 00:00:00 . Memory (MB): peak = 2684.797 ; gain = 0.000 ; free physical = 4511 ; free virtual = 10440
Netlist sorting complete. Time (s): cpu = 00:00:00 ; elapsed = 00:00:00 . Memory (MB): peak = 2684.797 ; gain = 0.000 ; free physical = 4511 ; free virtual = 10440

Phase 1.2 IO Placement/ Clock Placement/ Build Placer Device
Phase 1.2 IO Placement/ Clock Placement/ Build Placer Device | Checksum: 1ae45226f

Time (s): cpu = 00:00:00.16 ; elapsed = 00:00:00.03 . Memory (MB): peak = 2740.824 ; gain = 56.027 ; free physical = 4511 ; free virtual = 10440

Phase 1.3 Build Placer Netlist Model
WARNING: [Place 30-2953] Timing driven mode will be turned off because no critical terminals were found.
Phase 1.3 Build Placer Netlist Model | Checksum: 2aa025c96

Time (s): cpu = 00:00:00.29 ; elapsed = 00:00:00.05 . Memory (MB): peak = 2772.840 ; gain = 88.043 ; free physical = 4511 ; free virtual = 10440

Phase 1.4 Constrain Clocks/Macros
Phase 1.4 Constrain Clocks/Macros | Checksum: 2aa025c96

Time (s): cpu = 00:00:00.3 ; elapsed = 00:00:00.05 . Memory (MB): peak = 2772.840 ; gain = 88.043 ; free physical = 4511 ; free virtual = 10440
Phase 1 Placer Initialization | Checksum: 2aa025c96

Time (s): cpu = 00:00:00.3 ; elapsed = 00:00:00.05 . Memory (MB): peak = 2772.840 ; gain = 88.043 ; free physical = 4511 ; free virtual = 10440

Phase 2 Global Placement

Phase 2.1 Floorplanning
Phase 2.1 Floorplanning | Checksum: 2aa025c96

Time (s): cpu = 00:00:00.3 ; elapsed = 00:00:00.05 . Memory (MB): peak = 2772.840 ; gain = 88.043 ; free physical = 4511 ; free virtual = 10440

Phase 2.2 Update Timing before SLR Path Opt
Phase 2.2 Update Timing before SLR Path Opt | Checksum: 2aa025c96

Time (s): cpu = 00:00:00.3 ; elapsed = 00:00:00.05 . Memory (MB): peak = 2772.840 ; gain = 88.043 ; free physical = 4511 ; free virtual = 10440

Phase 2.3 Post-Processing in Floorplanning
Phase 2.3 Post-Processing in Floorplanning | Checksum: 2aa025c96

Time (s): cpu = 00:00:00.3 ; elapsed = 00:00:00.05 . Memory (MB): peak = 2772.840 ; gain = 88.043 ; free physical = 4511 ; free virtual = 10440

Phase 2.4 Global Place Phase1
Phase 2.4 Global Place Phase1 | Checksum: 2619cd189

Time (s): cpu = 00:00:00.51 ; elapsed = 00:00:00.09 . Memory (MB): peak = 2772.840 ; gain = 88.043 ; free physical = 4510 ; free virtual = 10439

Phase 2.5 Global Place Phase2
WARNING: [Place 46-29] Timing had been disabled during Placer and, therefore, physical synthesis in Placer will be skipped.
Phase 2.5 Global Place Phase2 | Checksum: 1b9d96165

Time (s): cpu = 00:00:00.58 ; elapsed = 00:00:00.11 . Memory (MB): peak = 2772.840 ; gain = 88.043 ; free physical = 4510 ; free virtual = 10439
Phase 2 Global Placement | Checksum: 1b9d96165

Time (s): cpu = 00:00:00.58 ; elapsed = 00:00:00.11 . Memory (MB): peak = 2772.840 ; gain = 88.043 ; free physical = 4510 ; free virtual = 10439

Phase 3 Detail Placement

Phase 3.1 Commit Multi Column Macros
Phase 3.1 Commit Multi Column Macros | Checksum: 1b9d96165

Time (s): cpu = 00:00:00.58 ; elapsed = 00:00:00.11 . Memory (MB): peak = 2772.840 ; gain = 88.043 ; free physical = 4510 ; free virtual = 10439

Phase 3.2 Commit Most Macros & LUTRAMs
Phase 3.2 Commit Most Macros & LUTRAMs | Checksum: 2adeb69da

Time (s): cpu = 00:00:00.62 ; elapsed = 00:00:00.11 . Memory (MB): peak = 2772.840 ; gain = 88.043 ; free physical = 4511 ; free virtual = 10440

Phase 3.3 Area Swap Optimization
Phase 3.3 Area Swap Optimization | Checksum: 2adeb69da

Time (s): cpu = 00:00:00.62 ; elapsed = 00:00:00.11 . Memory (MB): peak = 2772.840 ; gain = 88.043 ; free physical = 4511 ; free virtual = 10440

Phase 3.4 Pipeline Register Optimization
Phase 3.4 Pipeline Register Optimization | Checksum: 2adeb69da

Time (s): cpu = 00:00:00.63 ; elapsed = 00:00:00.12 . Memory (MB): peak = 2772.840 ; gain = 88.043 ; free physical = 4511 ; free virtual = 10440

Phase 3.5 Small Shape Detail Placement
Phase 3.5 Small Shape Detail Placement | Checksum: 2adeb69da

Time (s): cpu = 00:00:00.72 ; elapsed = 00:00:00.13 . Memory (MB): peak = 2772.840 ; gain = 88.043 ; free physical = 4511 ; free virtual = 10440

Phase 3.6 Re-assign LUT pins
Phase 3.6 Re-assign LUT pins | Checksum: 2adeb69da

Time (s): cpu = 00:00:00.73 ; elapsed = 00:00:00.13 . Memory (MB): peak = 2772.840 ; gain = 88.043 ; free physical = 4511 ; free virtual = 10440

Phase 3.7 Pipeline Register Optimization
Phase 3.7 Pipeline Register Optimization | Checksum: 2adeb69da

Time (s): cpu = 00:00:00.74 ; elapsed = 00:00:00.13 . Memory (MB): peak = 2772.840 ; gain = 88.043 ; free physical = 4511 ; free virtual = 10440
Phase 3 Detail Placement | Checksum: 2adeb69da

Time (s): cpu = 00:00:00.74 ; elapsed = 00:00:00.13 . Memory (MB): peak = 2772.840 ; gain = 88.043 ; free physical = 4511 ; free virtual = 10440

Phase 4 Post Placement Optimization and Clean-Up

Phase 4.1 Post Commit Optimization
Phase 4.1 Post Commit Optimization | Checksum: 2adeb69da

Time (s): cpu = 00:00:00.79 ; elapsed = 00:00:00.14 . Memory (MB): peak = 2772.840 ; gain = 88.043 ; free physical = 4511 ; free virtual = 10440

Phase 4.2 Post Placement Cleanup
Phase 4.2 Post Placement Cleanup | Checksum: 2adeb69da

Time (s): cpu = 00:00:00.79 ; elapsed = 00:00:00.14 . Memory (MB): peak = 2772.840 ; gain = 88.043 ; free physical = 4511 ; free virtual = 10440

Phase 4.3 Placer Reporting

Phase 4.3.1 Print Estimated Congestion
INFO: [Place 30-612] Post-Placement Estimated Congestion 
 ____________________________________________________
|           | Global Congestion | Short Congestion  |
| Direction | Region Size       | Region Size       |
|___________|___________________|___________________|
|      North|                1x1|                1x1|
|___________|___________________|___________________|
|      South|                1x1|                1x1|
|___________|___________________|___________________|
|       East|                1x1|                1x1|
|___________|___________________|___________________|
|       West|                1x1|                1x1|
|___________|___________________|___________________|

Phase 4.3.1 Print Estimated Congestion | Checksum: 2adeb69da

Time (s): cpu = 00:00:00.8 ; elapsed = 00:00:00.14 . Memory (MB): peak = 2772.840 ; gain = 88.043 ; free physical = 4511 ; free virtual = 10440
Phase 4.3 Placer Reporting | Checksum: 2adeb69da

Time (s): cpu = 00:00:00.8 ; elapsed = 00:00:00.14 . Memory (MB): peak = 2772.840 ; gain = 88.043 ; free physical = 4511 ; free virtual = 10440

Phase 4.4 Final Placement Cleanup
Netlist sorting complete. Time (s): cpu = 00:00:00 ; elapsed = 00:00:00 . Memory (MB): peak = 2772.840 ; gain = 0.000 ; free physical = 4511 ; free virtual = 10440

Time (s): cpu = 00:00:00.8 ; elapsed = 00:00:00.14 . Memory (MB): peak = 2772.840 ; gain = 88.043 ; free physical = 4511 ; free virtual = 10440
Phase 4 Post Placement Optimization and Clean-Up | Checksum: 2adeb69da

Time (s): cpu = 00:00:00.81 ; elapsed = 00:00:00.14 . Memory (MB): peak = 2772.840 ; gain = 88.043 ; free physical = 4511 ; free virtual = 10440
Ending Placer Task | Checksum: 2501ef0d4

Time (s): cpu = 00:00:00.81 ; elapsed = 00:00:00.14 . Memory (MB): peak = 2772.840 ; gain = 88.043 ; free physical = 4511 ; free virtual = 10440
11 Infos, 2 Warnings, 0 Critical Warnings and 0 Errors encountered.
place_design completed successfully
# puts "Running route_design..."
Running route_design...
# route_design
Command: route_design
Attempting to get a license for feature 'Implementation' and/or device 'xc7s25'
INFO: [Common 17-349] Got license for feature 'Implementation' and/or device 'xc7s25'


Starting Routing Task
INFO: [Route 35-254] Multithreading enabled for route_design using a maximum of 8 CPUs

Phase 1 Build RT Design
Checksum: PlaceDB: a22482f8 ConstDB: 0 ShapeSum: db8742f7 RouteDB: d2732ae5
INFO: [Timing 38-35] Done setting XDC timing constraints.
Post Restoration Checksum: NetGraph: fe31f49b | NumContArr: 47ab5f7d | Constraints: c2a8fa9d | Timing: c2a8fa9d
Phase 1 Build RT Design | Checksum: 2cb2f4952

Time (s): cpu = 00:00:05 ; elapsed = 00:00:04 . Memory (MB): peak = 2772.840 ; gain = 0.000 ; free physical = 4534 ; free virtual = 10463

Phase 2 Router Initialization

Phase 2.1 Fix Topology Constraints
Phase 2.1 Fix Topology Constraints | Checksum: 2cb2f4952

Time (s): cpu = 00:00:05 ; elapsed = 00:00:04 . Memory (MB): peak = 2772.840 ; gain = 0.000 ; free physical = 4534 ; free virtual = 10463

Phase 2.2 Pre Route Cleanup
Phase 2.2 Pre Route Cleanup | Checksum: 2cb2f4952

Time (s): cpu = 00:00:05 ; elapsed = 00:00:04 . Memory (MB): peak = 2772.840 ; gain = 0.000 ; free physical = 4534 ; free virtual = 10463
 Number of Nodes with overlaps = 0

Phase 2.3 Update Timing
Phase 2.3 Update Timing | Checksum: 1b37e48ec

Time (s): cpu = 00:00:05 ; elapsed = 00:00:04 . Memory (MB): peak = 2772.840 ; gain = 0.000 ; free physical = 4534 ; free virtual = 10463
INFO: [Route 35-416] Intermediate Timing Summary | WNS=80.837 | TNS=0.000  | WHS=-0.017 | THS=-0.017 |


Phase 2.4 Soft Constraint Pins - Fast Budgeting
Phase 2.4 Soft Constraint Pins - Fast Budgeting | Checksum: 1c299b204

Time (s): cpu = 00:00:05 ; elapsed = 00:00:04 . Memory (MB): peak = 2772.840 ; gain = 0.000 ; free physical = 4534 ; free virtual = 10463

Router Utilization Summary
  Global Vertical Routing Utilization    = 0 %
  Global Horizontal Routing Utilization  = 0 %
  Routable Net Status*
  *Does not include unroutable nets such as driverless and loadless.
  Run report_route_status for detailed report.
  Number of Failed Nets               = 34
    (Failed Nets is the sum of unrouted and partially routed nets)
  Number of Unrouted Nets             = 34
  Number of Partially Routed Nets     = 0
  Number of Node Overlaps             = 0

Phase 2 Router Initialization | Checksum: 1c299b204

Time (s): cpu = 00:00:05 ; elapsed = 00:00:04 . Memory (MB): peak = 2772.840 ; gain = 0.000 ; free physical = 4534 ; free virtual = 10463

Phase 3 Global Routing
Phase 3 Global Routing | Checksum: 1c299b204

Time (s): cpu = 00:00:05 ; elapsed = 00:00:04 . Memory (MB): peak = 2772.840 ; gain = 0.000 ; free physical = 4534 ; free virtual = 10463

Phase 4 Initial Routing

Phase 4.1 Initial Net Routing Pass
 Number of Nodes with overlaps = 0
Phase 4.1 Initial Net Routing Pass | Checksum: 1a263bead

Time (s): cpu = 00:00:05 ; elapsed = 00:00:05 . Memory (MB): peak = 2772.840 ; gain = 0.000 ; free physical = 4534 ; free virtual = 10463
Phase 4 Initial Routing | Checksum: 1a263bead

Time (s): cpu = 00:00:05 ; elapsed = 00:00:05 . Memory (MB): peak = 2772.840 ; gain = 0.000 ; free physical = 4534 ; free virtual = 10463

Phase 5 Rip-up And Reroute

Phase 5.1 Global Iteration 0
INFO: [Route 35-416] Intermediate Timing Summary | WNS=80.529 | TNS=0.000  | WHS=N/A    | THS=N/A    |

Phase 5.1 Global Iteration 0 | Checksum: 1715cc4f4

Time (s): cpu = 00:00:05 ; elapsed = 00:00:05 . Memory (MB): peak = 2772.840 ; gain = 0.000 ; free physical = 4534 ; free virtual = 10463
Phase 5 Rip-up And Reroute | Checksum: 1715cc4f4

Time (s): cpu = 00:00:05 ; elapsed = 00:00:05 . Memory (MB): peak = 2772.840 ; gain = 0.000 ; free physical = 4534 ; free virtual = 10463

Phase 6 Delay and Skew Optimization

Phase 6.1 Delay CleanUp
Phase 6.1 Delay CleanUp | Checksum: 1715cc4f4

Time (s): cpu = 00:00:05 ; elapsed = 00:00:05 . Memory (MB): peak = 2772.840 ; gain = 0.000 ; free physical = 4534 ; free virtual = 10463

Phase 6.2 Clock Skew Optimization
Phase 6.2 Clock Skew Optimization | Checksum: 1715cc4f4

Time (s): cpu = 00:00:05 ; elapsed = 00:00:05 . Memory (MB): peak = 2772.840 ; gain = 0.000 ; free physical = 4534 ; free virtual = 10463
Phase 6 Delay and Skew Optimization | Checksum: 1715cc4f4

Time (s): cpu = 00:00:05 ; elapsed = 00:00:05 . Memory (MB): peak = 2772.840 ; gain = 0.000 ; free physical = 4534 ; free virtual = 10463

Phase 7 Post Hold Fix

Phase 7.1 Hold Fix Iter
INFO: [Route 35-416] Intermediate Timing Summary | WNS=80.622 | TNS=0.000  | WHS=0.235  | THS=0.000  |

Phase 7.1 Hold Fix Iter | Checksum: 26e08510d

Time (s): cpu = 00:00:06 ; elapsed = 00:00:05 . Memory (MB): peak = 2772.840 ; gain = 0.000 ; free physical = 4534 ; free virtual = 10463
Phase 7 Post Hold Fix | Checksum: 26e08510d

Time (s): cpu = 00:00:06 ; elapsed = 00:00:05 . Memory (MB): peak = 2772.840 ; gain = 0.000 ; free physical = 4534 ; free virtual = 10463

Phase 8 Route finalize

Router Utilization Summary
  Global Vertical Routing Utilization    = 0.00126442 %
  Global Horizontal Routing Utilization  = 0.0100619 %
  Routable Net Status*
  *Does not include unroutable nets such as driverless and loadless.
  Run report_route_status for detailed report.
  Number of Failed Nets               = 0
    (Failed Nets is the sum of unrouted and partially routed nets)
  Number of Unrouted Nets             = 0
  Number of Partially Routed Nets     = 0
  Number of Node Overlaps             = 0

Phase 8 Route finalize | Checksum: 26e08510d

Time (s): cpu = 00:00:06 ; elapsed = 00:00:05 . Memory (MB): peak = 2772.840 ; gain = 0.000 ; free physical = 4534 ; free virtual = 10463

Phase 9 Verifying routed nets

 Verification completed successfully
Phase 9 Verifying routed nets | Checksum: 26e08510d

Time (s): cpu = 00:00:06 ; elapsed = 00:00:05 . Memory (MB): peak = 2772.840 ; gain = 0.000 ; free physical = 4534 ; free virtual = 10463

Phase 10 Depositing Routes
Phase 10 Depositing Routes | Checksum: 28e13a125

Time (s): cpu = 00:00:06 ; elapsed = 00:00:05 . Memory (MB): peak = 2772.840 ; gain = 0.000 ; free physical = 4534 ; free virtual = 10463

Phase 11 Post Process Routing
Phase 11 Post Process Routing | Checksum: 28e13a125

Time (s): cpu = 00:00:06 ; elapsed = 00:00:05 . Memory (MB): peak = 2772.840 ; gain = 0.000 ; free physical = 4534 ; free virtual = 10463

Phase 12 Post Router Timing
INFO: [Route 35-57] Estimated Timing Summary | WNS=80.622 | TNS=0.000  | WHS=0.235  | THS=0.000  |

INFO: [Route 35-327] The final timing numbers are based on the router estimated timing analysis. For a complete and accurate timing signoff, please run report_timing_summary.
Phase 12 Post Router Timing | Checksum: 28e13a125

Time (s): cpu = 00:00:06 ; elapsed = 00:00:05 . Memory (MB): peak = 2772.840 ; gain = 0.000 ; free physical = 4534 ; free virtual = 10463
Total Elapsed time in route_design: 4.53 secs

Phase 13 Post-Route Event Processing
Phase 13 Post-Route Event Processing | Checksum: 1d410fc06

Time (s): cpu = 00:00:06 ; elapsed = 00:00:05 . Memory (MB): peak = 2772.840 ; gain = 0.000 ; free physical = 4534 ; free virtual = 10463
INFO: [Route 35-16] Router Completed Successfully
Ending Routing Task | Checksum: 1d410fc06

Time (s): cpu = 00:00:06 ; elapsed = 00:00:05 . Memory (MB): peak = 2772.840 ; gain = 0.000 ; free physical = 4534 ; free virtual = 10463

Routing Is Done.
INFO: [Common 17-83] Releasing license: Implementation
10 Infos, 0 Warnings, 0 Critical Warnings and 0 Errors encountered.
route_design completed successfully
# puts "Writing bitstream..."
Writing bitstream...
# write_bitstream -force "main.bit"
Command: write_bitstream -force main.bit
Attempting to get a license for feature 'Implementation' and/or device 'xc7s25'
INFO: [Common 17-349] Got license for feature 'Implementation' and/or device 'xc7s25'
Running DRC as a precondition to command write_bitstream
INFO: [IP_Flow 19-234] Refreshing IP repositories
INFO: [IP_Flow 19-1704] No user IP repositories specified
INFO: [IP_Flow 19-2313] Loaded Vivado IP repository '/home/violet/Vitis/2025.2/data/ip'.
INFO: [Common 17-41] Interrupt caught. Command should exit soon.
INFO: [Vivado 12-3199] DRC finished with 0 Errors
INFO: [Vivado 12-3200] Please refer to the DRC report (report_drc) for more information.
Integrating Hard IP ELF/MEM with the PDI.
INFO: [Designutils 20-2272] Running write_bitstream with 8 threads.
Loading data files...
Loading site data...
Loading route data...
Processing options...
Creating bitmap...
INFO: [Designutils 20-1851] write_bitstream will cancel execution.
INFO: [Common 17-83] Releasing license: Implementation
10 Infos, 0 Warnings, 0 Critical Warnings and 1 Errors encountered.
write_bitstream failed
write_bitstream: Time (s): cpu = 00:00:02 ; elapsed = 00:00:13 . Memory (MB): peak = 2867.043 ; gain = 94.203 ; free physical = 4422 ; free virtual = 10352
INFO: [Common 17-344] 'write_bitstream' was cancelled
INFO: [Common 17-344] 'source' was cancelled
INFO: [Common 17-206] Exiting Vivado at Fri Apr 24 15:49:31 2026...
