#-----------------------------------------------------------
# Vivado v2025.2 (64-bit)
# SW Build 6299465 on Fri Nov 14 12:34:56 MST 2025
# IP Build 6300035 on Fri Nov 14 10:48:45 MST 2025
# SharedData Build 6298862 on Thu Nov 13 04:50:51 MST 2025
# Start of session at: Fri Apr 24 15:35:02 2026
# Process ID         : 142959
# Current directory  : /home/violet/Documents/Projects/RISC-V/verilog
# Command line       : vivado -mode batch -source build.tcl
# Log file           : /home/violet/Documents/Projects/RISC-V/verilog/vivado.log
# Journal file       : /home/violet/Documents/Projects/RISC-V/verilog/vivado.jou
# Running On         : violets-laptop
# Platform           : Ubuntu
# Operating System   : Ubuntu 25.10
# Processor Detail   : AMD Ryzen AI 5 340 w/ Radeon 840M
# CPU Frequency      : 625.000 MHz
# CPU Physical cores : 6
# CPU Logical cores  : 12
# Host memory        : 15476 MB
# Swap memory        : 4294 MB
# Total Virtual      : 19771 MB
# Available Virtual  : 12877 MB
#-----------------------------------------------------------
source build.tcl
# read_verilog { "./srcs/cpu.v" "./srcs/main.v" }
# puts "Starting synth"
Starting synth
# synth_design -top "main" -part "xc7s25csga324-1"
Command: synth_design -top main -part xc7s25csga324-1
Starting synth_design
Attempting to get a license for feature 'Synthesis' and/or device 'xc7s25'
INFO: [Common 17-349] Got license for feature 'Synthesis' and/or device 'xc7s25'
INFO: [Synth 8-7079] Multithreading enabled for synth_design using a maximum of 7 processes.
INFO: [Synth 8-7078] Launching helper process for spawning children vivado processes
INFO: [Synth 8-7075] Helper process launched with PID 142992
---------------------------------------------------------------------------------
Starting Synthesize : Time (s): cpu = 00:00:02 ; elapsed = 00:00:02 . Memory (MB): peak = 2040.926 ; gain = 410.672 ; free physical = 5371 ; free virtual = 11068
---------------------------------------------------------------------------------
INFO: [Synth 8-6157] synthesizing module 'main' [/home/violet/Documents/Projects/RISC-V/verilog/srcs/main.v:1]
INFO: [Synth 8-6157] synthesizing module 'cpu' [/home/violet/Documents/Projects/RISC-V/verilog/srcs/cpu.v:1]
INFO: [Synth 8-6155] done synthesizing module 'cpu' (0#1) [/home/violet/Documents/Projects/RISC-V/verilog/srcs/cpu.v:1]
INFO: [Synth 8-6155] done synthesizing module 'main' (0#1) [/home/violet/Documents/Projects/RISC-V/verilog/srcs/main.v:1]
WARNING: [Synth 8-4767] Trying to implement RAM 'dMem_reg' in registers. Block RAM or DRAM implementation is not possible; see log for reasons. [/home/violet/Documents/Projects/RISC-V/verilog/srcs/cpu.v:117]
Reason is one or more of the following :
	1: RAM has multiple writes via different ports in same process. If RAM inferencing intended, write to one port per process. 
	2: RAM has multiple writes via different ports in same process. If RAM inferencing intended, write to one port per process. 
	3: Invalid write to RAM. 
	4: RAM has multiple writes via different ports in same process. If RAM inferencing intended, write to one port per process. 
	5: Invalid write to RAM. 
	6: Invalid write to RAM. 
	7: No valid clock found for write to RAM. 
WARNING: [Synth 8-13159] Potential Runtime issue for RAM 'dMem_reg' since this is dissolved into (12808) registers bits. Consider modifying RTL as per supported RAM templates
WARNING: [Synth 8-3848] Net iMem in module/entity cpu does not have driver. [/home/violet/Documents/Projects/RISC-V/verilog/srcs/cpu.v:19]
---------------------------------------------------------------------------------
Finished Synthesize : Time (s): cpu = 00:00:06 ; elapsed = 00:00:06 . Memory (MB): peak = 2424.285 ; gain = 794.031 ; free physical = 4989 ; free virtual = 10692
---------------------------------------------------------------------------------
---------------------------------------------------------------------------------
Finished Constraint Validation : Time (s): cpu = 00:00:07 ; elapsed = 00:00:07 . Memory (MB): peak = 2424.285 ; gain = 794.031 ; free physical = 4947 ; free virtual = 10651
---------------------------------------------------------------------------------
---------------------------------------------------------------------------------
Start Loading Part and Timing Information
---------------------------------------------------------------------------------
Loading part: xc7s25csga324-1
INFO: [Device 21-403] Loading part xc7s25csga324-1
---------------------------------------------------------------------------------
Finished Loading Part and Timing Information : Time (s): cpu = 00:00:07 ; elapsed = 00:00:07 . Memory (MB): peak = 2424.285 ; gain = 794.031 ; free physical = 4947 ; free virtual = 10650
---------------------------------------------------------------------------------
INFO: [Common 17-41] Interrupt caught. Command should exit soon.
1
INFO: [Common 17-83] Releasing license: Synthesis
11 Infos, 3 Warnings, 0 Critical Warnings and 1 Errors encountered.
synth_design failed
synth_design: Time (s): cpu = 00:00:10 ; elapsed = 00:00:08 . Memory (MB): peak = 2424.285 ; gain = 794.031 ; free physical = 5069 ; free virtual = 10793
INFO: [Common 17-2834] synth_design peak Physical Memory [PSS] (MB): overall = 1819.571; main = 1819.571; forked = 0.000
INFO: [Common 17-2834] synth_design peak Virtual Memory [VSS] (MB): overall = 2424.289; main = 2424.289; forked = 0.000
INFO: [Common 17-344] 'source' was cancelled
INFO: [Common 17-206] Exiting Vivado at Fri Apr 24 15:35:16 2026...
