#-----------------------------------------------------------
# Vivado v2025.2 (64-bit)
# SW Build 6299465 on Fri Nov 14 12:34:56 MST 2025
# IP Build 6300035 on Fri Nov 14 10:48:45 MST 2025
# SharedData Build 6298862 on Thu Nov 13 04:50:51 MST 2025
# Start of session at: Fri Apr 24 15:36:59 2026
# Process ID         : 143388
# Current directory  : /home/violet/Documents/Projects/RISC-V/verilog
# Command line       : vivado -mode batch -source build.tcl
# Log file           : /home/violet/Documents/Projects/RISC-V/verilog/vivado.log
# Journal file       : /home/violet/Documents/Projects/RISC-V/verilog/vivado.jou
# Running On         : violets-laptop
# Platform           : Ubuntu
# Operating System   : Ubuntu 25.10
# Processor Detail   : AMD Ryzen AI 5 340 w/ Radeon 840M
# CPU Frequency      : 2387.591 MHz
# CPU Physical cores : 6
# CPU Logical cores  : 12
# Host memory        : 15476 MB
# Swap memory        : 4294 MB
# Total Virtual      : 19771 MB
# Available Virtual  : 12846 MB
#-----------------------------------------------------------
source build.tcl
# read_verilog { "./srcs/cpu.v" "./srcs/main.v" }
# puts "Starting synth"
Starting synth
# synth_design -top "main" -part "xc7s25csga324-1"
Command: synth_design -top main -part xc7s25csga324-1
Starting synth_design
Attempting to get a license for feature 'Synthesis' and/or device 'xc7s25'
INFO: [Common 17-349] Got license for feature 'Synthesis' and/or device 'xc7s25'
INFO: [Synth 8-7079] Multithreading enabled for synth_design using a maximum of 7 processes.
INFO: [Synth 8-7078] Launching helper process for spawning children vivado processes
INFO: [Synth 8-7075] Helper process launched with PID 143435
---------------------------------------------------------------------------------
Starting Synthesize : Time (s): cpu = 00:00:02 ; elapsed = 00:00:02 . Memory (MB): peak = 2040.926 ; gain = 410.672 ; free physical = 5364 ; free virtual = 11104
---------------------------------------------------------------------------------
INFO: [Synth 8-6157] synthesizing module 'main' [/home/violet/Documents/Projects/RISC-V/verilog/srcs/main.v:1]
INFO: [Synth 8-6157] synthesizing module 'cpu' [/home/violet/Documents/Projects/RISC-V/verilog/srcs/cpu.v:1]
INFO: [Synth 8-6155] done synthesizing module 'cpu' (0#1) [/home/violet/Documents/Projects/RISC-V/verilog/srcs/cpu.v:1]
INFO: [Synth 8-6155] done synthesizing module 'main' (0#1) [/home/violet/Documents/Projects/RISC-V/verilog/srcs/main.v:1]
WARNING: [Synth 8-3848] Net iMem in module/entity cpu does not have driver. [/home/violet/Documents/Projects/RISC-V/verilog/srcs/cpu.v:19]
---------------------------------------------------------------------------------
Finished Synthesize : Time (s): cpu = 00:00:03 ; elapsed = 00:00:03 . Memory (MB): peak = 2206.895 ; gain = 576.641 ; free physical = 5254 ; free virtual = 10994
---------------------------------------------------------------------------------
---------------------------------------------------------------------------------
Finished Constraint Validation : Time (s): cpu = 00:00:04 ; elapsed = 00:00:04 . Memory (MB): peak = 2206.895 ; gain = 576.641 ; free physical = 5254 ; free virtual = 10994
---------------------------------------------------------------------------------
---------------------------------------------------------------------------------
Start Loading Part and Timing Information
---------------------------------------------------------------------------------
Loading part: xc7s25csga324-1
INFO: [Device 21-403] Loading part xc7s25csga324-1
---------------------------------------------------------------------------------
Finished Loading Part and Timing Information : Time (s): cpu = 00:00:04 ; elapsed = 00:00:04 . Memory (MB): peak = 2206.895 ; gain = 576.641 ; free physical = 5254 ; free virtual = 10994
---------------------------------------------------------------------------------
WARNING: [Synth 8-327] inferring latch for variable 'ALUCtrl_reg' [/home/violet/Documents/Projects/RISC-V/verilog/srcs/cpu.v:162]
---------------------------------------------------------------------------------
Finished RTL Optimization Phase 2 : Time (s): cpu = 00:00:04 ; elapsed = 00:00:04 . Memory (MB): peak = 2222.910 ; gain = 592.656 ; free physical = 5239 ; free virtual = 10981
---------------------------------------------------------------------------------
No constraint files found.
---------------------------------------------------------------------------------
Start RTL Component Statistics 
---------------------------------------------------------------------------------
Detailed RTL Component Info : 
+---Adders : 
	   2 Input   32 Bit       Adders := 3     
	   3 Input   32 Bit       Adders := 1     
+---XORs : 
	   2 Input     32 Bit         XORs := 1     
+---Registers : 
	               32 Bit    Registers := 1     
+---Muxes : 
	   6 Input   32 Bit        Muxes := 1     
	   2 Input   32 Bit        Muxes := 4     
	   4 Input   32 Bit        Muxes := 1     
	   3 Input   32 Bit        Muxes := 1     
	  11 Input    4 Bit        Muxes := 1     
	   2 Input    4 Bit        Muxes := 2     
	   3 Input    4 Bit        Muxes := 2     
	   8 Input    4 Bit        Muxes := 1     
	  11 Input    3 Bit        Muxes := 2     
	   3 Input    3 Bit        Muxes := 1     
	   2 Input    3 Bit        Muxes := 1     
	   2 Input    2 Bit        Muxes := 1     
	   4 Input    2 Bit        Muxes := 1     
	  11 Input    1 Bit        Muxes := 5     
	   7 Input    1 Bit        Muxes := 2     
---------------------------------------------------------------------------------
Finished RTL Component Statistics 
---------------------------------------------------------------------------------
---------------------------------------------------------------------------------
Start Part Resource Summary
---------------------------------------------------------------------------------
Part Resources:
DSPs: 80 (col length:40)
BRAMs: 90 (col length: RAMB18 40 RAMB36 20)
---------------------------------------------------------------------------------
Finished Part Resource Summary
---------------------------------------------------------------------------------
No constraint files found.
---------------------------------------------------------------------------------
Start Cross Boundary and Area Optimization
---------------------------------------------------------------------------------
WARNING: [Synth 8-3332] Sequential element (core/ALUCtrl_reg[3]) is unused and will be removed from module main.
WARNING: [Synth 8-3332] Sequential element (core/ALUCtrl_reg[2]) is unused and will be removed from module main.
WARNING: [Synth 8-3332] Sequential element (core/ALUCtrl_reg[1]) is unused and will be removed from module main.
WARNING: [Synth 8-3332] Sequential element (core/ALUCtrl_reg[0]) is unused and will be removed from module main.
---------------------------------------------------------------------------------
Finished Cross Boundary and Area Optimization : Time (s): cpu = 00:00:06 ; elapsed = 00:00:06 . Memory (MB): peak = 2278.941 ; gain = 648.688 ; free physical = 5124 ; free virtual = 10870
---------------------------------------------------------------------------------
No constraint files found.
---------------------------------------------------------------------------------
Start Timing Optimization
---------------------------------------------------------------------------------
---------------------------------------------------------------------------------
Finished Timing Optimization : Time (s): cpu = 00:00:06 ; elapsed = 00:00:06 . Memory (MB): peak = 2292.816 ; gain = 662.562 ; free physical = 5124 ; free virtual = 10870
---------------------------------------------------------------------------------
---------------------------------------------------------------------------------
Start Technology Mapping
---------------------------------------------------------------------------------
---------------------------------------------------------------------------------
Finished Technology Mapping : Time (s): cpu = 00:00:06 ; elapsed = 00:00:06 . Memory (MB): peak = 2292.816 ; gain = 662.562 ; free physical = 5124 ; free virtual = 10870
---------------------------------------------------------------------------------
---------------------------------------------------------------------------------
Start IO Insertion
---------------------------------------------------------------------------------
---------------------------------------------------------------------------------
Start Flattening Before IO Insertion
---------------------------------------------------------------------------------
---------------------------------------------------------------------------------
Finished Flattening Before IO Insertion
---------------------------------------------------------------------------------
---------------------------------------------------------------------------------
Start Final Netlist Cleanup
---------------------------------------------------------------------------------
---------------------------------------------------------------------------------
Finished Final Netlist Cleanup
---------------------------------------------------------------------------------
---------------------------------------------------------------------------------
Finished IO Insertion : Time (s): cpu = 00:00:08 ; elapsed = 00:00:08 . Memory (MB): peak = 2432.629 ; gain = 802.375 ; free physical = 5048 ; free virtual = 10794
---------------------------------------------------------------------------------
---------------------------------------------------------------------------------
Start Renaming Generated Instances
---------------------------------------------------------------------------------
---------------------------------------------------------------------------------
Finished Renaming Generated Instances : Time (s): cpu = 00:00:08 ; elapsed = 00:00:08 . Memory (MB): peak = 2432.629 ; gain = 802.375 ; free physical = 5048 ; free virtual = 10794
---------------------------------------------------------------------------------
---------------------------------------------------------------------------------
Start Rebuilding User Hierarchy
---------------------------------------------------------------------------------
---------------------------------------------------------------------------------
Finished Rebuilding User Hierarchy : Time (s): cpu = 00:00:08 ; elapsed = 00:00:08 . Memory (MB): peak = 2432.629 ; gain = 802.375 ; free physical = 5048 ; free virtual = 10794
---------------------------------------------------------------------------------
---------------------------------------------------------------------------------
Start Renaming Generated Ports
---------------------------------------------------------------------------------
---------------------------------------------------------------------------------
Finished Renaming Generated Ports : Time (s): cpu = 00:00:08 ; elapsed = 00:00:08 . Memory (MB): peak = 2432.629 ; gain = 802.375 ; free physical = 5048 ; free virtual = 10794
---------------------------------------------------------------------------------
---------------------------------------------------------------------------------
Start Handling Custom Attributes
---------------------------------------------------------------------------------
---------------------------------------------------------------------------------
Finished Handling Custom Attributes : Time (s): cpu = 00:00:08 ; elapsed = 00:00:08 . Memory (MB): peak = 2432.629 ; gain = 802.375 ; free physical = 5048 ; free virtual = 10795
---------------------------------------------------------------------------------
---------------------------------------------------------------------------------
Start Renaming Generated Nets
---------------------------------------------------------------------------------
---------------------------------------------------------------------------------
Finished Renaming Generated Nets : Time (s): cpu = 00:00:08 ; elapsed = 00:00:08 . Memory (MB): peak = 2432.629 ; gain = 802.375 ; free physical = 5048 ; free virtual = 10795
---------------------------------------------------------------------------------
---------------------------------------------------------------------------------
Start Writing Synthesis Report
---------------------------------------------------------------------------------

Report BlackBoxes: 
+-+--------------+----------+
| |BlackBox name |Instances |
+-+--------------+----------+
+-+--------------+----------+

Report Cell Usage: 
+------+-------+------+
|      |Cell   |Count |
+------+-------+------+
|1     |BUFG   |     1|
|2     |CARRY4 |     7|
|3     |LUT1   |     1|
|4     |FDCE   |    27|
|5     |IBUF   |     2|
|6     |OBUF   |     1|
+------+-------+------+

Report Instance Areas: 
+------+---------+-------+------+
|      |Instance |Module |Cells |
+------+---------+-------+------+
|1     |top      |       |    39|
|2     |  core   |cpu    |    35|
+------+---------+-------+------+
---------------------------------------------------------------------------------
Finished Writing Synthesis Report : Time (s): cpu = 00:00:08 ; elapsed = 00:00:08 . Memory (MB): peak = 2432.629 ; gain = 802.375 ; free physical = 5048 ; free virtual = 10795
---------------------------------------------------------------------------------
Synthesis finished with 0 errors, 0 critical warnings and 6 warnings.
Synthesis Optimization Runtime : Time (s): cpu = 00:00:08 ; elapsed = 00:00:08 . Memory (MB): peak = 2432.629 ; gain = 802.375 ; free physical = 5048 ; free virtual = 10795
Synthesis Optimization Complete : Time (s): cpu = 00:00:08 ; elapsed = 00:00:08 . Memory (MB): peak = 2432.637 ; gain = 802.375 ; free physical = 5048 ; free virtual = 10795
INFO: [Project 1-571] Translating synthesized netlist
Netlist sorting complete. Time (s): cpu = 00:00:00 ; elapsed = 00:00:00 . Memory (MB): peak = 2446.504 ; gain = 0.000 ; free physical = 5118 ; free virtual = 10865
INFO: [Netlist 29-17] Analyzing 7 Unisim elements for replacement
INFO: [Netlist 29-28] Unisim Transformation completed in 0 CPU seconds
INFO: [Project 1-570] Preparing netlist for logic optimization
INFO: [Opt 31-138] Pushed 0 inverter(s) to 0 load pin(s).
Netlist sorting complete. Time (s): cpu = 00:00:00 ; elapsed = 00:00:00 . Memory (MB): peak = 2545.098 ; gain = 0.000 ; free physical = 5108 ; free virtual = 10870
INFO: [Project 1-111] Unisim Transformation Summary:
No Unisim elements were transformed.

Synth Design complete | Checksum: eaffa44
INFO: [Common 17-83] Releasing license: Synthesis
16 Infos, 6 Warnings, 0 Critical Warnings and 0 Errors encountered.
synth_design completed successfully
synth_design: Time (s): cpu = 00:00:11 ; elapsed = 00:00:10 . Memory (MB): peak = 2545.133 ; gain = 914.879 ; free physical = 5108 ; free virtual = 10871
INFO: [Common 17-2834] synth_design peak Physical Memory [PSS] (MB): overall = 2000.552; main = 2000.552; forked = 0.000
INFO: [Common 17-2834] synth_design peak Virtual Memory [VSS] (MB): overall = 2545.102; main = 2545.102; forked = 0.000
# puts "Synth finished"
Synth finished
# exit
INFO: [Common 17-206] Exiting Vivado at Fri Apr 24 15:37:15 2026...
