#-----------------------------------------------------------
# Vivado v2025.2 (64-bit)
# SW Build 6299465 on Fri Nov 14 12:34:56 MST 2025
# IP Build 6300035 on Fri Nov 14 10:48:45 MST 2025
# SharedData Build 6298862 on Thu Nov 13 04:50:51 MST 2025
# Start of session at: Fri Apr 24 15:38:34 2026
# Process ID         : 143821
# Current directory  : /home/violet/Documents/Projects/RISC-V/verilog
# Command line       : vivado -mode batch -source build.tcl
# Log file           : /home/violet/Documents/Projects/RISC-V/verilog/vivado.log
# Journal file       : /home/violet/Documents/Projects/RISC-V/verilog/vivado.jou
# Running On         : violets-laptop
# Platform           : Ubuntu
# Operating System   : Ubuntu 25.10
# Processor Detail   : AMD Ryzen AI 5 340 w/ Radeon 840M
# CPU Frequency      : 2373.230 MHz
# CPU Physical cores : 6
# CPU Logical cores  : 12
# Host memory        : 15476 MB
# Swap memory        : 4294 MB
# Total Virtual      : 19771 MB
# Available Virtual  : 12777 MB
#-----------------------------------------------------------
source build.tcl
# read_verilog { "./srcs/cpu.v" "./srcs/main.v" }
# read_xdc "./srcs/Arty-S7-25-Master.xdc"
# report_utilization \
#     -file utilization.rpt
ERROR: [Common 17-53] User Exception: No open design. Please open an elaborated, synthesized or implemented design before executing this command.
INFO: [Common 17-206] Exiting Vivado at Fri Apr 24 15:38:40 2026...
